writeCommonTags: couldn't write 'year' tag to 'K-popsicle Rock/- Shout Baby _ THE FIRST TAKE raZ22iX5J18.m4a' as it's not a positive integer
writeCommonTags: couldn't write 'track' tag to 'K-popsicle Rock/- Shout Baby _ THE FIRST TAKE raZ22iX5J18.m4a' as it's not a positive integer
TagLib: ID3v2.4 no longer supports the frame type TDAT.  It will be discarded from the tag.
TagLib: ID3v2.4 no longer supports the frame type TDAT.  It will be discarded from the tag.
writeCommonTags: couldn't write 'track' tag to 'K-popsicle Rock/99.9 (Mob Psycho 100 II) - Miura Jam.m4a' as it's not a positive integer
TagLib: ID3v2::Tag::read() - Duplicate ID3v2 tags found.
TagLib: ID3v2::Tag::read() - Duplicate ID3v2 tags found.
writeCommonTags: couldn't write 'track' tag to 'K-popsicle Rock/KING - Kanaria.m4a' as it's not a positive integer
writeCommonTags: couldn't write 'track' tag to 'K-popsicle Rock/Limit Break X Survivor V.2 - Adrián Barba.m4a' as it's not a positive integer
writeCommonTags: couldn't write 'track' tag to 'K-popsicle Rock/Pegasus Fantasy - Mauren Mendo.m4a' as it's not a positive integer
writeCommonTags: couldn't write 'track' tag to 'K-popsicle Rock/WANING MOON - MELLOW MELLOW.m4a' as it's not a positive integer
writeCommonTags: couldn't write 'track' tag to 'K-popsicle Rock/インストップデート - AliA.m4a' as it's not a positive integer
writeCommonTags: couldn't write 'year' tag to 'K-popsicle Rock/- Shout Baby _ THE FIRST TAKE raZ22iX5J18.m4a' as it's not a positive integer
writeCommonTags: couldn't write 'track' tag to 'K-popsicle Rock/- Shout Baby _ THE FIRST TAKE raZ22iX5J18.m4a' as it's not a positive integer
writeCommonTags: couldn't write 'track' tag to 'K-popsicle Rock/99.9 (Mob Psycho 100 II) - Miura Jam.m4a' as it's not a positive integer
writeCommonTags: couldn't write 'track' tag to 'K-popsicle Rock/KING - Kanaria.m4a' as it's not a positive integer
writeCommonTags: couldn't write 'track' tag to 'K-popsicle Rock/Limit Break X Survivor V.2 - Adrián Barba.m4a' as it's not a positive integer
writeCommonTags: couldn't write 'track' tag to 'K-popsicle Rock/Pegasus Fantasy - Mauren Mendo.m4a' as it's not a positive integer
writeCommonTags: couldn't write 'track' tag to 'K-popsicle Rock/WANING MOON - MELLOW MELLOW.m4a' as it's not a positive integer
writeCommonTags: couldn't write 'track' tag to 'K-popsicle Rock/インストップデート - AliA.m4a' as it's not a positive integer
writeCommonTags: couldn't write 'year' tag to 'K-popsicle Rock/- Shout Baby _ THE FIRST TAKE raZ22iX5J18.m4a' as it's not a positive integer
writeCommonTags: couldn't write 'track' tag to 'K-popsicle Rock/- Shout Baby _ THE FIRST TAKE raZ22iX5J18.m4a' as it's not a positive integer
writeCommonTags: couldn't write 'track' tag to 'K-popsicle Rock/99.9 (Mob Psycho 100 II) - Miura Jam.m4a' as it's not a positive integer
writeCommonTags: couldn't write 'track' tag to 'K-popsicle Rock/KING - Kanaria.m4a' as it's not a positive integer
writeCommonTags: couldn't write 'track' tag to 'K-popsicle Rock/Limit Break X Survivor V.2 - Adrián Barba.m4a' as it's not a positive integer
writeCommonTags: couldn't write 'track' tag to 'K-popsicle Rock/Pegasus Fantasy - Mauren Mendo.m4a' as it's not a positive integer
writeCommonTags: couldn't write 'track' tag to 'K-popsicle Rock/WANING MOON - MELLOW MELLOW.m4a' as it's not a positive integer
writeCommonTags: couldn't write 'track' tag to 'K-popsicle Rock/インストップデート - AliA.m4a' as it's not a positive integer
